<?xml version="1.0" encoding="UTF-8"?>
<!-- Generated by org.testng.reporters.JUnitXMLReporter -->
<testsuite ignored="0" hostname="DESKTOP-9A1I333" failures="0" tests="5" name="Test" time="43.757" errors="0" timestamp="2024-09-08T08:08:56 IST">
  <testcase classname="testCases.TC001_AccountRegistrationTest" name="verify_Account_Registration" time="4.669"/>
  <testcase classname="testCases.TC_002_LoginPage" name="verifyLoginPage" time="1.67"/>
  <testcase classname="testCases.TC_003_LoginDDT" name="verify_LoginData" time="2.544"/>
  <testcase classname="testCases.TC_003_LoginDDT" name="verify_LoginData" time="11.43"/>
  <testcase classname="testCases.TC_003_LoginDDT" name="verify_LoginData" time="11.526"/>
</testsuite> <!-- Test -->
