<?xml version="1.0" encoding="UTF-8"?>
<testng-results ignored="0" total="3" passed="3" failed="0" skipped="0">
  <reporter-output>
  </reporter-output>
  <suite started-at="2024-09-07T12:06:41 IST" name="MasterSuite" finished-at="2024-09-07T12:07:23 IST" duration-ms="41214">
    <groups>
    </groups>
    <test started-at="2024-09-07T12:06:41 IST" name="Test" finished-at="2024-09-07T12:07:23 IST" duration-ms="41214">
      <class name="testCases.TC_003_LoginDDT">
        <test-method is-config="true" signature="setup(java.lang.String,java.lang.String)[pri:0, instance:testCases.TC_003_LoginDDT@5860f3d7]" started-at="2024-09-07T12:06:42 IST" name="setup" finished-at="2024-09-07T12:06:50 IST" duration-ms="8466" status="PASS">
          <params>
            <param index="0">
              <value>
                <![CDATA[windows]]>
              </value>
            </param>
            <param index="1">
              <value>
                <![CDATA[edge]]>
              </value>
            </param>
          </params>
          <reporter-output>
          </reporter-output>
        </test-method> <!-- setup -->
        <test-method signature="verify_LoginData(java.lang.String,java.lang.String,java.lang.String)[pri:0, instance:testCases.TC_003_LoginDDT@5860f3d7]" started-at="2024-09-07T12:06:53 IST" name="verify_LoginData" data-provider="LoginData" finished-at="2024-09-07T12:06:56 IST" duration-ms="3782" status="PASS">
          <params>
            <param index="0">
              <value>
                <![CDATA[bashamustafa12@gmail.com]]>
              </value>
            </param>
            <param index="1">
              <value>
                <![CDATA[basha_9789952662]]>
              </value>
            </param>
            <param index="2">
              <value>
                <![CDATA[Valid]]>
              </value>
            </param>
          </params>
          <reporter-output>
          </reporter-output>
        </test-method> <!-- verify_LoginData -->
        <test-method signature="verify_LoginData(java.lang.String,java.lang.String,java.lang.String)[pri:0, instance:testCases.TC_003_LoginDDT@5860f3d7]" started-at="2024-09-07T12:06:56 IST" name="verify_LoginData" data-provider="LoginData" finished-at="2024-09-07T12:07:08 IST" duration-ms="11851" status="PASS">
          <params>
            <param index="0">
              <value>
                <![CDATA[bashamustafa12@gmail.com]]>
              </value>
            </param>
            <param index="1">
              <value>
                <![CDATA[basha_978995266]]>
              </value>
            </param>
            <param index="2">
              <value>
                <![CDATA[Invalid]]>
              </value>
            </param>
          </params>
          <reporter-output>
          </reporter-output>
        </test-method> <!-- verify_LoginData -->
        <test-method signature="verify_LoginData(java.lang.String,java.lang.String,java.lang.String)[pri:0, instance:testCases.TC_003_LoginDDT@5860f3d7]" started-at="2024-09-07T12:07:08 IST" name="verify_LoginData" data-provider="LoginData" finished-at="2024-09-07T12:07:20 IST" duration-ms="11418" status="PASS">
          <params>
            <param index="0">
              <value>
                <![CDATA[ashamustafa12@gmail.com]]>
              </value>
            </param>
            <param index="1">
              <value>
                <![CDATA[basha_9789952662]]>
              </value>
            </param>
            <param index="2">
              <value>
                <![CDATA[Invalid]]>
              </value>
            </param>
          </params>
          <reporter-output>
          </reporter-output>
        </test-method> <!-- verify_LoginData -->
        <test-method is-config="true" signature="tearDown()[pri:0, instance:testCases.TC_003_LoginDDT@5860f3d7]" started-at="2024-09-07T12:07:20 IST" name="tearDown" finished-at="2024-09-07T12:07:23 IST" duration-ms="2900" status="PASS">
          <reporter-output>
          </reporter-output>
        </test-method> <!-- tearDown -->
      </class> <!-- testCases.TC_003_LoginDDT -->
    </test> <!-- Test -->
  </suite> <!-- MasterSuite -->
</testng-results>
