<?xml version="1.0" encoding="UTF-8"?>
<!-- Generated by org.testng.reporters.JUnitXMLReporter -->
<testsuite ignored="0" hostname="DESKTOP-9A1I333" failures="0" tests="3" name="Test" time="13.428" errors="0" timestamp="2024-09-09T22:12:54 IST">
  <testcase classname="testCases.TC_004_MyAccountCases" name="verify_ChangePASSWORD" time="4.287"/>
  <testcase classname="testCases.TC_004_MyAccountCases" name="verify_Change_PASSWORD" time="2.262"/>
  <testcase classname="testCases.TC_004_MyAccountCases" name="verify_Edit_Account_Info" time="2.371"/>
</testsuite> <!-- Test -->
