<?xml version="1.0" encoding="UTF-8"?>
<!-- Generated by org.testng.reporters.JUnitXMLReporter -->
<testsuite ignored="0" hostname="DESKTOP-9A1I333" failures="0" tests="3" name="Test" time="33.696" errors="0" timestamp="2024-09-07T18:22:37 IST">
  <testcase classname="testCases.TC_003_LoginDDT" name="verify_LoginData" time="2.859"/>
  <testcase classname="testCases.TC_003_LoginDDT" name="verify_LoginData" time="11.461"/>
  <testcase classname="testCases.TC_003_LoginDDT" name="verify_LoginData" time="11.073"/>
</testsuite> <!-- Test -->
